=== noctalia-greeter-session 2026-06-24T09:59:22+01:00 pid=16957 uid=998 euid=998 ===
GREETER_BIN=/nix/store/5rhqniqsa8wms48pk3hk3w6wyzc1mnkz-noctalia-greeter-1.0.0/bin/noctalia-greeter
COMPOSITOR_BIN=/nix/store/5rhqniqsa8wms48pk3hk3w6wyzc1mnkz-noctalia-greeter-1.0.0/bin/noctalia-greeter-compositor
LOG_FILE=/var/lib/noctalia-greeter/greeter.log
GREETD_SOCK=/run/greetd-16799.sock
XDG_RUNTIME_DIR=/tmp/noctalia-runtime-998 (pam=/run/user/998)
WAYLAND_DISPLAY=unset
launch: /nix/store/5rhqniqsa8wms48pk3hk3w6wyzc1mnkz-noctalia-greeter-1.0.0/bin/noctalia-greeter-compositor -- --
00:00:00.000 [INFO] [libseat] [libseat/backend/seatd.c:64] Could not connect to socket /run/seatd.sock: No such file or directory
00:00:00.000 [INFO] [libseat] [libseat/libseat.c:76] Backend 'seatd' failed to open seat, skipping
00:00:00.001 [INFO] [libseat] [libseat/libseat.c:73] Seat opened with backend 'logind'
00:00:00.001 [INFO] [backend/session/session.c:117] Successfully loaded libseat session
00:00:00.005 [INFO] [backend/backend.c:248] Found 1 GPUs
00:00:00.005 [INFO] [backend/drm/backend.c:225] Initializing DRM backend for /dev/dri/card1 (nvidia-drm)
00:00:00.005 [INFO] [backend/drm/drm.c:312] Found 4 DRM CRTCs
00:00:00.005 [INFO] [backend/drm/drm.c:270] Found 12 DRM planes
00:00:00.034 [INFO] [render/egl.c:205] Supported EGL client extensions: EGL_EXT_platform_base EGL_EXT_device_base EGL_EXT_device_enumeration EGL_EXT_device_query EGL_KHR_client_get_all_proc_addresses EGL_EXT_client_extensions EGL_KHR_debug EGL_KHR_platform_x11 EGL_EXT_platform_x11 EGL_EXT_platform_device EGL_MESA_platform_surfaceless EGL_EXT_explicit_device EGL_KHR_platform_wayland EGL_EXT_platform_wayland EGL_KHR_platform_gbm EGL_MESA_platform_gbm EGL_EXT_platform_xcb
00:00:00.046 [INFO] [render/egl.c:369] Using EGL 1.5
00:00:00.046 [INFO] [render/egl.c:370] Supported EGL display extensions: EGL_ANDROID_native_fence_sync EGL_EXT_buffer_age EGL_EXT_client_sync EGL_EXT_create_context_robustness EGL_EXT_image_dma_buf_import EGL_EXT_image_dma_buf_import_modifiers EGL_MESA_image_dma_buf_export EGL_EXT_output_base EGL_EXT_output_drm EGL_EXT_protected_content EGL_EXT_stream_consumer_egloutput EGL_EXT_stream_acquire_mode EGL_EXT_sync_reuse EGL_IMG_context_priority EGL_KHR_config_attribs EGL_KHR_create_context_no_error EGL_KHR_context_flush_control EGL_KHR_create_context EGL_KHR_fence_sync EGL_KHR_get_all_proc_addresses EGL_KHR_partial_update EGL_KHR_swap_buffers_with_damage EGL_KHR_no_config_context EGL_KHR_gl_colorspace EGL_KHR_gl_renderbuffer_image EGL_KHR_gl_texture_2D_image EGL_KHR_gl_texture_3D_image EGL_KHR_gl_texture_cubemap_image EGL_KHR_image EGL_KHR_image_base EGL_KHR_reusable_sync EGL_KHR_stream EGL_KHR_stream_attrib EGL_KHR_stream_consumer_gltexture EGL_KHR_stream_cross_process_fd EGL_KHR_stream_fifo EGL_KHR_stream_producer_eglsurface EGL_KHR_surfaceless_context EGL_KHR_wait_sync EGL_NV_nvrm_fence_sync EGL_NV_quadruple_buffer EGL_NV_stream_consumer_eglimage EGL_NV_stream_cross_display EGL_NV_stream_cross_object EGL_NV_stream_cross_process EGL_NV_stream_cross_system EGL_NV_stream_dma EGL_NV_stream_flush EGL_NV_stream_metadata EGL_NV_stream_remote EGL_NV_stream_reset EGL_NV_stream_socket EGL_NV_stream_socket_inet EGL_NV_stream_socket_unix EGL_NV_stream_sync EGL_NV_stream_fifo_next EGL_NV_stream_fifo_synchronous EGL_NV_stream_consumer_gltexture_yuv EGL_NV_stream_attrib EGL_NV_stream_origin EGL_NV_system_time EGL_NV_output_drm_flip_event EGL_NV_triple_buffer EGL_NV_robustness_video_memory_purge EGL_WL_bind_wayland_display EGL_WL_wayland_eglstream
00:00:00.046 [INFO] [render/egl.c:372] Supported EGL device extensions: EGL_NV_device_cuda EGL_EXT_device_drm EGL_EXT_device_drm_render_node EGL_EXT_device_query_name EGL_EXT_device_persistent_id
00:00:00.046 [INFO] [render/egl.c:374] EGL vendor: NVIDIA
00:00:00.046 [INFO] [render/egl.c:376] EGL driver name: nvidia
00:00:00.101 [INFO] [render/gles2/renderer.c:538] Creating GLES2 renderer
00:00:00.101 [INFO] [render/gles2/renderer.c:539] Using OpenGL ES 3.2 NVIDIA 595.80
00:00:00.101 [INFO] [render/gles2/renderer.c:540] GL vendor: NVIDIA Corporation
00:00:00.101 [INFO] [render/gles2/renderer.c:541] GL renderer: NVIDIA GeForce RTX 4070/PCIe/SSE2
00:00:00.101 [INFO] [render/gles2/renderer.c:542] Supported GLES2 extensions: GL_EXT_shader_clock GL_EXT_base_instance GL_EXT_blend_func_extended GL_EXT_blend_minmax GL_EXT_buffer_storage GL_EXT_clear_texture GL_EXT_clip_control GL_EXT_clip_cull_distance GL_EXT_color_buffer_float GL_EXT_color_buffer_half_float GL_EXT_conservative_depth GL_EXT_copy_image GL_EXT_depth_clamp GL_EXT_debug_label GL_EXT_discard_framebuffer GL_EXT_disjoint_timer_query GL_EXT_draw_buffers_indexed GL_EXT_draw_elements_base_vertex GL_EXT_EGL_image_array GL_EXT_EGL_image_storage GL_EXT_EGL_image_external_wrap_modes GL_EXT_float_blend GL_EXT_frag_depth GL_EXT_geometry_point_size GL_EXT_geometry_shader GL_EXT_gpu_shader5 GL_EXT_map_buffer_range GL_EXT_multi_draw_indirect GL_EXT_multisample_compatibility GL_EXT_multisampled_render_to_texture GL_EXT_multisampled_render_to_texture2 GL_EXT_multiview_texture_multisample GL_EXT_multiview_timer_query GL_EXT_occlusion_query_boolean GL_EXT_polygon_offset_clamp GL_EXT_post_depth_coverage GL_EXT_primitive_bounding_box GL_EXT_raster_multisample GL_EXT_render_snorm GL_EXT_robustness GL_EXT_separate_shader_objects GL_EXT_shader_group_vote GL_EXT_shader_implicit_conversions GL_EXT_shader_integer_mix GL_EXT_shader_io_blocks GL_EXT_shader_non_constant_global_initializers GL_EXT_shader_texture_lod GL_EXT_shader_texture_samples GL_EXT_shadow_samplers GL_EXT_sparse_texture GL_EXT_sparse_texture2 GL_EXT_sRGB GL_EXT_sRGB_write_control GL_EXT_tessellation_point_size GL_EXT_tessellation_shader GL_EXT_texture_border_clamp GL_EXT_texture_buffer GL_EXT_texture_compression_bptc GL_EXT_texture_compression_dxt1 GL_EXT_texture_compression_rgtc GL_EXT_texture_compression_s3tc GL_EXT_texture_cube_map_array GL_EXT_texture_filter_anisotropic GL_EXT_texture_filter_minmax GL_EXT_texture_format_BGRA8888 GL_EXT_texture_mirror_clamp_to_edge GL_EXT_texture_norm16 GL_EXT_texture_query_lod GL_EXT_texture_rg GL_EXT_texture_shadow_lod GL_EXT_texture_sRGB_R8 GL_EXT_texture_sRGB_decode GL_EXT_texture_storage GL_EXT_texture_view GL_EXT_draw_transform_feedback GL_EXT_unpack_subimage GL_EXT_window_rectangles GL_KHR_context_flush_control GL_KHR_debug GL_EXT_memory_object GL_EXT_memory_object_fd GL_NV_memory_object_sparse GL_KHR_parallel_shader_compile GL_KHR_no_error GL_KHR_robust_buffer_access_behavior GL_KHR_robustness GL_EXT_semaphore GL_EXT_semaphore_fd GL_NV_timeline_semaphore GL_KHR_shader_subgroup GL_KHR_texture_compression_astc_ldr GL_KHR_texture_compression_astc_sliced_3d GL_KHR_texture_compression_astc_hdr GL_NV_bgr GL_NV_bindless_texture GL_NV_blend_equation_advanced GL_NV_blend_equation_advanced_coherent GL_NVX_blend_equation_advanced_multi_draw_buffers GL_NV_blend_minmax_factor GL_NV_clip_space_w_scaling GL_NV_compute_shader_derivatives GL_NV_conditional_render GL_NV_conservative_raster GL_NV_conservative_raster_pre_snap_triangles GL_NV_copy_buffer GL_NV_copy_image GL_NV_draw_buffers GL_NV_draw_instanced GL_NV_draw_texture GL_NV_draw_vulkan_image GL_NV_EGL_stream_consumer_external GL_NV_explicit_attrib_location GL_NV_fbo_color_attachments GL_NV_fill_rectangle GL_NV_fragment_coverage_to_color GL_NV_fragment_shader_barycentric GL_NV_fragment_shader_interlock GL_NV_framebuffer_blit GL_NV_framebuffer_mixed_samples GL_NV_framebuffer_multisample GL_NV_generate_mipmap_sRGB GL_NV_geometry_shader_passthrough GL_NV_instanced_arrays GL_NV_internalformat_sample_query GL_NV_gpu_shader5 GL_NV_image_formats GL_NV_memory_attachment GL_NV_mesh_shader GL_NV_occlusion_query_samples GL_NV_non_square_matrices GL_NV_pack_subimage GL_NV_packed_float GL_NV_packed_float_linear GL_NV_path_rendering GL_NV_path_rendering_shared_edge GL_NV_pixel_buffer_object GL_NV_polygon_mode GL_NV_primitive_shading_rate GL_NV_read_buffer GL_NV_read_depth GL_NV_read_depth_stencil GL_NV_read_stencil GL_NV_representative_fragment_test GL_NV_sample_locations GL_NV_sample_mask_override_coverage GL_NV_scissor_exclusive GL_NV_shader_atomic_fp16_vector GL_NV_shader_noperspective_interpolation GL_NV_shader_subgroup_partitioned GL_NV_shader_texture_footprint GL_NV_shading_rate_image GL_NV_shadow_samplers_array GL_NV_shadow_samplers_cube GL_NV_sRGB_formats GL_NV_stereo_view_rendering GL_NV_texture_array GL_NV_texture_barrier GL_NV_texture_border_clamp GL_NV_texture_compression_latc GL_NV_texture_compression_s3tc GL_NV_texture_compression_s3tc_update GL_NV_texture_dirty_tile_map GL_NV_timer_query GL_NV_viewport_array GL_NV_viewport_array2 GL_NV_viewport_swizzle GL_KHR_blend_equation_advanced GL_KHR_blend_equation_advanced_coherent GL_OES_compressed_ETC1_RGB8_texture GL_EXT_compressed_ETC1_RGB8_sub_texture GL_OES_depth24 GL_OES_depth32 GL_OES_depth_texture GL_OES_depth_texture_cube_map GL_OES_copy_image GL_OES_draw_buffers_indexed GL_OES_draw_elements_base_vertex GL_OES_texture_border_clamp GL_OES_tessellation_point_size GL_OES_tessellation_shader GL_OES_texture_buffer GL_OES_geometry_point_size GL_OES_geometry_shader GL_OES_gpu_shader5 GL_OES_shader_io_blocks GL_OES_texture_view GL_OES_primitive_bounding_box GL_OES_EGL_image GL_OES_EGL_image_external GL_OES_EGL_image_external_essl3 GL_OES_EGL_sync GL_OES_element_index_uint GL_OES_fbo_render_mipmap GL_OES_get_program_binary GL_OES_mapbuffer GL_OES_packed_depth_stencil GL_OES_rgb8_rgba8 GL_EXT_read_format_bgra GL_OES_sample_shading GL_OES_sample_variables GL_OES_shader_image_atomic GL_OES_shader_multisample_interpolation GL_OES_standard_derivatives GL_OES_surfaceless_context GL_OES_texture_cube_map_array GL_OES_texture_npot GL_OES_texture_float GL_OES_texture_float_linear GL_OES_texture_half_float GL_OES_texture_half_float_linear GL_OES_texture_stencil8 GL_OES_texture_storage_multisample_2d_array GL_OES_vertex_array_object GL_OES_vertex_half_float GL_OES_viewport_array GL_OVR_multiview GL_OVR_multiview2 GL_OVR_multiview_multisampled_render_to_texture GL_ANDROID_extension_pack_es31a 
00:00:00.321 [INFO] [backend/drm/drm.c:1781] Scanning DRM connectors on /dev/dri/card1
00:00:00.420 [INFO] [backend/drm/drm.c:1836] Found connector 'HDMI-A-1'
00:00:00.420 [INFO] [backend/drm/drm.c:1861] 'HDMI-A-1' connected
00:00:00.420 [INFO] [backend/drm/drm.c:1646] Detected modes:
00:00:00.420 [INFO] [backend/drm/drm.c:1670]   1920x1080 @ 60.000 Hz (preferred)
00:00:00.420 [INFO] [backend/drm/drm.c:1670]   1920x1080 @ 59.939 Hz 
00:00:00.420 [INFO] [backend/drm/drm.c:1670]   1920x1080 @ 50.000 Hz 
00:00:00.420 [INFO] [backend/drm/drm.c:1670]   1680x1050 @ 59.954 Hz 
00:00:00.420 [INFO] [backend/drm/drm.c:1670]   1280x1024 @ 75.025 Hz 
00:00:00.420 [INFO] [backend/drm/drm.c:1670]   1280x1024 @ 60.020 Hz 
00:00:00.420 [INFO] [backend/drm/drm.c:1670]   1440x900 @ 59.887 Hz 
00:00:00.420 [INFO] [backend/drm/drm.c:1670]   1280x960 @ 60.000 Hz 
00:00:00.420 [INFO] [backend/drm/drm.c:1670]   1280x720 @ 60.000 Hz 
00:00:00.420 [INFO] [backend/drm/drm.c:1670]   1280x720 @ 59.943 Hz 
00:00:00.420 [INFO] [backend/drm/drm.c:1670]   1280x720 @ 50.000 Hz 
00:00:00.420 [INFO] [backend/drm/drm.c:1670]   1024x768 @ 75.029 Hz 
00:00:00.420 [INFO] [backend/drm/drm.c:1670]   1024x768 @ 70.069 Hz 
00:00:00.420 [INFO] [backend/drm/drm.c:1670]   1024x768 @ 60.004 Hz 
00:00:00.420 [INFO] [backend/drm/drm.c:1670]   800x600 @ 75.000 Hz 
00:00:00.420 [INFO] [backend/drm/drm.c:1670]   800x600 @ 72.188 Hz 
00:00:00.420 [INFO] [backend/drm/drm.c:1670]   800x600 @ 60.317 Hz 
00:00:00.420 [INFO] [backend/drm/drm.c:1670]   800x600 @ 56.250 Hz 
00:00:00.420 [INFO] [backend/drm/drm.c:1670]   720x576 @ 50.000 Hz 
00:00:00.420 [INFO] [backend/drm/drm.c:1670]   720x480 @ 59.940 Hz 
00:00:00.420 [INFO] [backend/drm/drm.c:1670]   640x480 @ 75.000 Hz 
00:00:00.420 [INFO] [backend/drm/drm.c:1670]   640x480 @ 72.809 Hz 
00:00:00.420 [INFO] [backend/drm/drm.c:1670]   640x480 @ 59.940 Hz 
00:00:00.420 [INFO] [backend/drm/drm.c:1670]   640x480 @ 59.929 Hz 
00:00:00.420 [INFO] [backend/drm/drm.c:1707] Physical size: 480x270
00:00:00.477 [INFO] [backend/drm/drm.c:1836] Found connector 'DP-1'
00:00:00.477 [INFO] [backend/drm/drm.c:1861] 'DP-1' connected
00:00:00.477 [INFO] [backend/drm/drm.c:1646] Detected modes:
00:00:00.477 [INFO] [backend/drm/drm.c:1670]   3840x2160 @ 60.000 Hz (preferred)
00:00:00.477 [INFO] [backend/drm/drm.c:1670]   3840x2160 @ 160.001 Hz 
00:00:00.477 [INFO] [backend/drm/drm.c:1670]   3840x2160 @ 144.000 Hz 
00:00:00.477 [INFO] [backend/drm/drm.c:1670]   3840x2160 @ 120.006 Hz 
00:00:00.477 [INFO] [backend/drm/drm.c:1670]   3840x2160 @ 100.001 Hz 
00:00:00.477 [INFO] [backend/drm/drm.c:1670]   3840x2160 @ 75.001 Hz 
00:00:00.477 [INFO] [backend/drm/drm.c:1670]   3840x2160 @ 29.981 Hz 
00:00:00.477 [INFO] [backend/drm/drm.c:1670]   1920x2160 @ 59.988 Hz 
00:00:00.477 [INFO] [backend/drm/drm.c:1670]   2560x1440 @ 144.001 Hz 
00:00:00.477 [INFO] [backend/drm/drm.c:1670]   2560x1440 @ 120.000 Hz 
00:00:00.477 [INFO] [backend/drm/drm.c:1670]   1920x1080 @ 119.879 Hz 
00:00:00.477 [INFO] [backend/drm/drm.c:1670]   1920x1080 @ 60.000 Hz 
00:00:00.477 [INFO] [backend/drm/drm.c:1670]   1920x1080 @ 59.939 Hz 
00:00:00.477 [INFO] [backend/drm/drm.c:1670]   1920x1080 @ 50.000 Hz 
00:00:00.477 [INFO] [backend/drm/drm.c:1670]   1280x1024 @ 75.025 Hz 
00:00:00.477 [INFO] [backend/drm/drm.c:1670]   1280x1024 @ 60.020 Hz 
00:00:00.477 [INFO] [backend/drm/drm.c:1670]   1280x720 @ 59.943 Hz 
00:00:00.477 [INFO] [backend/drm/drm.c:1670]   1280x720 @ 50.000 Hz 
00:00:00.477 [INFO] [backend/drm/drm.c:1670]   1024x768 @ 119.989 Hz 
00:00:00.477 [INFO] [backend/drm/drm.c:1670]   1024x768 @ 99.972 Hz 
00:00:00.477 [INFO] [backend/drm/drm.c:1670]   1024x768 @ 75.029 Hz 
00:00:00.477 [INFO] [backend/drm/drm.c:1670]   1024x768 @ 70.069 Hz 
00:00:00.477 [INFO] [backend/drm/drm.c:1670]   1024x768 @ 60.004 Hz 
00:00:00.477 [INFO] [backend/drm/drm.c:1670]   800x600 @ 119.972 Hz 
00:00:00.477 [INFO] [backend/drm/drm.c:1670]   800x600 @ 99.662 Hz 
00:00:00.477 [INFO] [backend/drm/drm.c:1670]   800x600 @ 75.000 Hz 
00:00:00.477 [INFO] [backend/drm/drm.c:1670]   800x600 @ 72.188 Hz 
00:00:00.477 [INFO] [backend/drm/drm.c:1670]   800x600 @ 60.317 Hz 
00:00:00.477 [INFO] [backend/drm/drm.c:1670]   800x600 @ 56.250 Hz 
00:00:00.477 [INFO] [backend/drm/drm.c:1670]   720x576 @ 50.000 Hz 
00:00:00.477 [INFO] [backend/drm/drm.c:1670]   720x480 @ 59.940 Hz 
00:00:00.477 [INFO] [backend/drm/drm.c:1670]   640x480 @ 119.518 Hz 
00:00:00.477 [INFO] [backend/drm/drm.c:1670]   640x480 @ 99.769 Hz 
00:00:00.477 [INFO] [backend/drm/drm.c:1670]   640x480 @ 75.000 Hz 
00:00:00.477 [INFO] [backend/drm/drm.c:1670]   640x480 @ 72.809 Hz 
00:00:00.477 [INFO] [backend/drm/drm.c:1670]   640x480 @ 59.940 Hz 
00:00:00.477 [INFO] [backend/drm/drm.c:1670]   640x480 @ 59.929 Hz 
00:00:00.477 [INFO] [backend/drm/drm.c:1707] Physical size: 600x340
00:00:00.532 [INFO] [backend/drm/drm.c:1836] Found connector 'DP-2'
00:00:00.532 [INFO] [backend/drm/drm.c:1861] 'DP-2' connected
00:00:00.532 [INFO] [backend/drm/drm.c:1646] Detected modes:
00:00:00.532 [INFO] [backend/drm/drm.c:1670]   3840x2160 @ 30.000 Hz (preferred)
00:00:00.532 [INFO] [backend/drm/drm.c:1670]   3840x2160 @ 60.000 Hz 
00:00:00.532 [INFO] [backend/drm/drm.c:1670]   3840x2160 @ 59.940 Hz 
00:00:00.532 [INFO] [backend/drm/drm.c:1670]   3840x2160 @ 50.000 Hz 
00:00:00.532 [INFO] [backend/drm/drm.c:1670]   3840x2160 @ 25.000 Hz 
00:00:00.532 [INFO] [backend/drm/drm.c:1670]   2560x1440 @ 59.951 Hz 
00:00:00.532 [INFO] [backend/drm/drm.c:1670]   1920x1440 @ 75.000 Hz 
00:00:00.532 [INFO] [backend/drm/drm.c:1670]   2560x1080 @ 59.939 Hz 
00:00:00.532 [INFO] [backend/drm/drm.c:1670]   2560x1080 @ 50.001 Hz 
00:00:00.532 [INFO] [backend/drm/drm.c:1670]   1920x1200 @ 74.930 Hz 
00:00:00.532 [INFO] [backend/drm/drm.c:1670]   1920x1080 @ 74.906 Hz 
00:00:00.532 [INFO] [backend/drm/drm.c:1670]   1920x1080 @ 60.000 Hz 
00:00:00.532 [INFO] [backend/drm/drm.c:1670]   1920x1080 @ 59.939 Hz 
00:00:00.532 [INFO] [backend/drm/drm.c:1670]   1920x1080 @ 59.934 Hz 
00:00:00.532 [INFO] [backend/drm/drm.c:1670]   1920x1080 @ 50.000 Hz 
00:00:00.532 [INFO] [backend/drm/drm.c:1670]   1600x1200 @ 75.000 Hz 
00:00:00.532 [INFO] [backend/drm/drm.c:1670]   1680x1050 @ 74.892 Hz 
00:00:00.532 [INFO] [backend/drm/drm.c:1670]   1600x900 @ 60.000 Hz 
00:00:00.532 [INFO] [backend/drm/drm.c:1670]   1280x1024 @ 75.025 Hz 
00:00:00.532 [INFO] [backend/drm/drm.c:1670]   1280x1024 @ 60.020 Hz 
00:00:00.532 [INFO] [backend/drm/drm.c:1670]   1280x800 @ 74.934 Hz 
00:00:00.532 [INFO] [backend/drm/drm.c:1670]   1280x720 @ 60.000 Hz 
00:00:00.532 [INFO] [backend/drm/drm.c:1670]   1280x720 @ 59.943 Hz 
00:00:00.532 [INFO] [backend/drm/drm.c:1670]   1280x720 @ 50.000 Hz 
00:00:00.532 [INFO] [backend/drm/drm.c:1670]   1024x768 @ 75.029 Hz 
00:00:00.532 [INFO] [backend/drm/drm.c:1670]   1024x768 @ 70.069 Hz 
00:00:00.532 [INFO] [backend/drm/drm.c:1670]   1024x768 @ 60.004 Hz 
00:00:00.532 [INFO] [backend/drm/drm.c:1670]   800x600 @ 75.000 Hz 
00:00:00.532 [INFO] [backend/drm/drm.c:1670]   800x600 @ 72.188 Hz 
00:00:00.532 [INFO] [backend/drm/drm.c:1670]   800x600 @ 60.317 Hz 
00:00:00.532 [INFO] [backend/drm/drm.c:1670]   800x600 @ 56.250 Hz 
00:00:00.533 [INFO] [backend/drm/drm.c:1670]   720x576 @ 50.000 Hz 
00:00:00.533 [INFO] [backend/drm/drm.c:1670]   720x480 @ 59.940 Hz 
00:00:00.533 [INFO] [backend/drm/drm.c:1670]   640x480 @ 75.000 Hz 
00:00:00.533 [INFO] [backend/drm/drm.c:1670]   640x480 @ 72.809 Hz 
00:00:00.533 [INFO] [backend/drm/drm.c:1670]   640x480 @ 59.940 Hz 
00:00:00.533 [INFO] [backend/drm/drm.c:1670]   640x480 @ 59.929 Hz 
00:00:00.533 [INFO] [backend/drm/drm.c:1707] Physical size: 630x360
00:00:00.533 [INFO] [backend/drm/drm.c:1836] Found connector 'DP-3'
00:00:00.533 [INFO] [backend/drm/drm.c:1895] connector HDMI-A-1: Requesting modeset
00:00:00.533 [INFO] [../src/compositor/noctalia_compositor.c:466] output_layout: 'DP-1' not connected
00:00:00.533 [INFO] [../src/compositor/noctalia_compositor.c:466] output_layout: 'DP-2' not connected
00:00:00.533 [INFO] [../src/compositor/noctalia_compositor.c:659] selected output mode: 1920x1080 @ 60.000 Hz
00:00:00.536 [INFO] [backend/drm/drm.c:980] connector HDMI-A-1: Modesetting with 1920x1080 @ 60.000 Hz
00:00:00.547 [INFO] [../src/compositor/noctalia_compositor.c:670] output HDMI-A-1 scale=1.06
00:00:00.555 [INFO] [../src/compositor/noctalia_compositor.c:498] greeter output: HDMI-A-1 at (0,0) (configured HDMI-A-1:2820,0; effective 1814x1020)
00:00:00.555 [INFO] [../src/compositor/noctalia_compositor.c:740] warped cursor to center of HDMI-A-1 (907, 510)
00:00:00.555 [INFO] [backend/drm/drm.c:1895] connector DP-1: Requesting modeset
00:00:00.555 [INFO] [../src/compositor/noctalia_compositor.c:466] output_layout: 'DP-2' not connected
00:00:00.555 [INFO] [../src/compositor/noctalia_compositor.c:498] greeter output: HDMI-A-1 at (0,0) (configured HDMI-A-1:2820,0; effective 1814x1020)
00:00:00.555 [INFO] [../src/compositor/noctalia_compositor.c:659] selected output mode: 3840x2160 @ 160.001 Hz
00:00:00.556 [ERROR] [types/output/swapchain.c:109] Swapchain for output 'DP-1' failed test
00:00:00.556 [ERROR] [../src/compositor/noctalia_compositor.c:666] failed to enable output DP-1
00:00:00.556 [INFO] [../src/compositor/noctalia_compositor.c:659] selected output mode: 3840x2160 @ 160.001 Hz
00:00:00.556 [ERROR] [types/output/swapchain.c:109] Swapchain for output 'DP-1' failed test
00:00:00.556 [ERROR] [../src/compositor/noctalia_compositor.c:666] failed to enable output DP-1
00:00:00.556 [INFO] [../src/compositor/noctalia_compositor.c:740] warped cursor to center of HDMI-A-1 (907, 510)
00:00:00.556 [INFO] [backend/drm/drm.c:1895] connector DP-2: Requesting modeset
00:00:00.557 [INFO] [../src/compositor/noctalia_compositor.c:498] greeter output: HDMI-A-1 at (0,0) (configured HDMI-A-1:2820,0; effective 1814x1020)
00:00:00.557 [INFO] [../src/compositor/noctalia_compositor.c:659] selected output mode: 3840x2160 @ 160.001 Hz
00:00:00.557 [ERROR] [types/output/swapchain.c:109] Swapchain for output 'DP-1' failed test
00:00:00.557 [ERROR] [../src/compositor/noctalia_compositor.c:666] failed to enable output DP-1
00:00:00.557 [INFO] [../src/compositor/noctalia_compositor.c:659] selected output mode: 3840x2160 @ 60.000 Hz
00:00:00.559 [INFO] [backend/drm/drm.c:980] connector DP-2: Modesetting with 3840x2160 @ 60.000 Hz
00:00:00.667 [INFO] [../src/compositor/noctalia_compositor.c:670] output DP-2 scale=1.60
00:00:00.672 [INFO] [../src/compositor/noctalia_compositor.c:498] greeter output: DP-2 at (0,1020) (configured DP-2:2560,1080; effective 2399x1349)
00:00:00.672 [INFO] [../src/compositor/noctalia_compositor.c:659] selected output mode: 3840x2160 @ 160.001 Hz
00:00:00.672 [ERROR] [types/output/swapchain.c:109] Swapchain for output 'DP-1' failed test
00:00:00.672 [ERROR] [../src/compositor/noctalia_compositor.c:666] failed to enable output DP-1
00:00:00.672 [INFO] [../src/compositor/noctalia_compositor.c:740] warped cursor to center of DP-2 (1200, 1694)
00:00:00.672 [INFO] [../src/compositor/noctalia_compositor.c:1444] running on WAYLAND_DISPLAY=wayland-0
00:00:13.871 [INFO] [libseat] [libseat/backend/logind.c:358] Disabling seat
00:00:13.871 [INFO] [backend/drm/backend.c:112] DRM FD paused
00:00:13.871 [INFO] [../src/compositor/noctalia_compositor.c:466] output_layout: 'HDMI-A-1' not connected
00:00:13.871 [INFO] [../src/compositor/noctalia_compositor.c:659] selected output mode: 3840x2160 @ 160.001 Hz
00:00:13.871 [ERROR] [types/output/swapchain.c:109] Swapchain for output 'DP-1' failed test
00:00:13.871 [ERROR] [../src/compositor/noctalia_compositor.c:666] failed to enable output DP-1
00:00:13.871 [INFO] [../src/compositor/noctalia_compositor.c:498] greeter output: DP-2 at (0,0) (configured DP-2:2560,1080; effective 2399x1349)
00:00:13.871 [INFO] [../src/compositor/noctalia_compositor.c:659] selected output mode: 3840x2160 @ 160.001 Hz
00:00:13.871 [ERROR] [types/output/swapchain.c:109] Swapchain for output 'DP-1' failed test
00:00:13.872 [ERROR] [../src/compositor/noctalia_compositor.c:666] failed to enable output DP-1
00:00:13.872 [INFO] [../src/compositor/noctalia_compositor.c:740] warped cursor to center of DP-2 (1200, 674)
00:00:13.872 [ERROR] [backend/drm/drm.c:1385] connector HDMI-A-1: Failed to disable CRTC 64
00:00:13.872 [INFO] [../src/compositor/noctalia_compositor.c:466] output_layout: 'DP-1' not connected
00:00:13.872 [INFO] [../src/compositor/noctalia_compositor.c:466] output_layout: 'HDMI-A-1' not connected
00:00:13.873 [INFO] [../src/compositor/noctalia_compositor.c:498] greeter output: DP-2 at (0,0) (configured DP-2:2560,1080; effective 2399x1349)
00:00:13.873 [INFO] [../src/compositor/noctalia_compositor.c:740] warped cursor to center of DP-2 (1200, 674)
00:00:13.873 [ERROR] [backend/drm/drm.c:1385] connector DP-1: Failed to disable CRTC 83
00:00:13.873 [INFO] [../src/compositor/noctalia_compositor.c:466] output_layout: 'DP-1' not connected
00:00:13.873 [INFO] [../src/compositor/noctalia_compositor.c:466] output_layout: 'DP-2' not connected
00:00:13.873 [INFO] [../src/compositor/noctalia_compositor.c:466] output_layout: 'HDMI-A-1' not connected
00:00:13.874 [ERROR] [backend/drm/drm.c:1385] connector DP-2: Failed to disable CRTC 102
00:00:52.574 [INFO] [libseat] [libseat/backend/logind.c:355] Enabling seat
00:00:52.711 [INFO] [backend/drm/backend.c:112] DRM FD resumed
00:00:52.711 [INFO] [backend/drm/drm.c:1781] Scanning DRM connectors on /dev/dri/card1
00:00:52.807 [INFO] [backend/drm/drm.c:1861] 'HDMI-A-1' connected
00:00:52.807 [INFO] [backend/drm/drm.c:1646] Detected modes:
00:00:52.807 [INFO] [backend/drm/drm.c:1670]   1920x1080 @ 60.000 Hz (preferred)
00:00:52.807 [INFO] [backend/drm/drm.c:1670]   1920x1080 @ 59.939 Hz 
00:00:52.807 [INFO] [backend/drm/drm.c:1670]   1920x1080 @ 50.000 Hz 
00:00:52.807 [INFO] [backend/drm/drm.c:1670]   1680x1050 @ 59.954 Hz 
00:00:52.807 [INFO] [backend/drm/drm.c:1670]   1280x1024 @ 75.025 Hz 
00:00:52.807 [INFO] [backend/drm/drm.c:1670]   1280x1024 @ 60.020 Hz 
00:00:52.807 [INFO] [backend/drm/drm.c:1670]   1440x900 @ 59.887 Hz 
00:00:52.807 [INFO] [backend/drm/drm.c:1670]   1280x960 @ 60.000 Hz 
00:00:52.807 [INFO] [backend/drm/drm.c:1670]   1280x720 @ 60.000 Hz 
00:00:52.807 [INFO] [backend/drm/drm.c:1670]   1280x720 @ 59.943 Hz 
00:00:52.807 [INFO] [backend/drm/drm.c:1670]   1280x720 @ 50.000 Hz 
00:00:52.807 [INFO] [backend/drm/drm.c:1670]   1024x768 @ 75.029 Hz 
00:00:52.807 [INFO] [backend/drm/drm.c:1670]   1024x768 @ 70.069 Hz 
00:00:52.807 [INFO] [backend/drm/drm.c:1670]   1024x768 @ 60.004 Hz 
00:00:52.807 [INFO] [backend/drm/drm.c:1670]   800x600 @ 75.000 Hz 
00:00:52.807 [INFO] [backend/drm/drm.c:1670]   800x600 @ 72.188 Hz 
00:00:52.807 [INFO] [backend/drm/drm.c:1670]   800x600 @ 60.317 Hz 
00:00:52.807 [INFO] [backend/drm/drm.c:1670]   800x600 @ 56.250 Hz 
00:00:52.807 [INFO] [backend/drm/drm.c:1670]   720x576 @ 50.000 Hz 
00:00:52.807 [INFO] [backend/drm/drm.c:1670]   720x480 @ 59.940 Hz 
00:00:52.807 [INFO] [backend/drm/drm.c:1670]   640x480 @ 75.000 Hz 
00:00:52.807 [INFO] [backend/drm/drm.c:1670]   640x480 @ 72.809 Hz 
00:00:52.807 [INFO] [backend/drm/drm.c:1670]   640x480 @ 59.940 Hz 
00:00:52.807 [INFO] [backend/drm/drm.c:1670]   640x480 @ 59.929 Hz 
00:00:52.807 [INFO] [backend/drm/drm.c:1707] Physical size: 480x270
00:00:52.875 [INFO] [backend/drm/drm.c:1861] 'DP-1' connected
00:00:52.875 [INFO] [backend/drm/drm.c:1646] Detected modes:
00:00:52.875 [INFO] [backend/drm/drm.c:1670]   3840x2160 @ 60.000 Hz (preferred)
00:00:52.875 [INFO] [backend/drm/drm.c:1670]   3840x2160 @ 160.001 Hz 
00:00:52.875 [INFO] [backend/drm/drm.c:1670]   3840x2160 @ 144.000 Hz 
00:00:52.875 [INFO] [backend/drm/drm.c:1670]   3840x2160 @ 120.006 Hz 
00:00:52.875 [INFO] [backend/drm/drm.c:1670]   3840x2160 @ 100.001 Hz 
00:00:52.875 [INFO] [backend/drm/drm.c:1670]   3840x2160 @ 75.001 Hz 
00:00:52.875 [INFO] [backend/drm/drm.c:1670]   3840x2160 @ 29.981 Hz 
00:00:52.875 [INFO] [backend/drm/drm.c:1670]   1920x2160 @ 59.988 Hz 
00:00:52.875 [INFO] [backend/drm/drm.c:1670]   2560x1440 @ 144.001 Hz 
00:00:52.875 [INFO] [backend/drm/drm.c:1670]   2560x1440 @ 120.000 Hz 
00:00:52.875 [INFO] [backend/drm/drm.c:1670]   1920x1080 @ 119.879 Hz 
00:00:52.875 [INFO] [backend/drm/drm.c:1670]   1920x1080 @ 60.000 Hz 
00:00:52.875 [INFO] [backend/drm/drm.c:1670]   1920x1080 @ 59.939 Hz 
00:00:52.875 [INFO] [backend/drm/drm.c:1670]   1920x1080 @ 50.000 Hz 
00:00:52.875 [INFO] [backend/drm/drm.c:1670]   1280x1024 @ 75.025 Hz 
00:00:52.875 [INFO] [backend/drm/drm.c:1670]   1280x1024 @ 60.020 Hz 
00:00:52.875 [INFO] [backend/drm/drm.c:1670]   1280x720 @ 59.943 Hz 
00:00:52.875 [INFO] [backend/drm/drm.c:1670]   1280x720 @ 50.000 Hz 
00:00:52.875 [INFO] [backend/drm/drm.c:1670]   1024x768 @ 119.989 Hz 
00:00:52.875 [INFO] [backend/drm/drm.c:1670]   1024x768 @ 99.972 Hz 
00:00:52.875 [INFO] [backend/drm/drm.c:1670]   1024x768 @ 75.029 Hz 
00:00:52.875 [INFO] [backend/drm/drm.c:1670]   1024x768 @ 70.069 Hz 
00:00:52.875 [INFO] [backend/drm/drm.c:1670]   1024x768 @ 60.004 Hz 
00:00:52.875 [INFO] [backend/drm/drm.c:1670]   800x600 @ 119.972 Hz 
00:00:52.875 [INFO] [backend/drm/drm.c:1670]   800x600 @ 99.662 Hz 
00:00:52.875 [INFO] [backend/drm/drm.c:1670]   800x600 @ 75.000 Hz 
00:00:52.876 [INFO] [backend/drm/drm.c:1670]   800x600 @ 72.188 Hz 
00:00:52.876 [INFO] [backend/drm/drm.c:1670]   800x600 @ 60.317 Hz 
00:00:52.876 [INFO] [backend/drm/drm.c:1670]   800x600 @ 56.250 Hz 
00:00:52.876 [INFO] [backend/drm/drm.c:1670]   720x576 @ 50.000 Hz 
00:00:52.876 [INFO] [backend/drm/drm.c:1670]   720x480 @ 59.940 Hz 
00:00:52.876 [INFO] [backend/drm/drm.c:1670]   640x480 @ 119.518 Hz 
00:00:52.876 [INFO] [backend/drm/drm.c:1670]   640x480 @ 99.769 Hz 
00:00:52.876 [INFO] [backend/drm/drm.c:1670]   640x480 @ 75.000 Hz 
00:00:52.876 [INFO] [backend/drm/drm.c:1670]   640x480 @ 72.809 Hz 
00:00:52.876 [INFO] [backend/drm/drm.c:1670]   640x480 @ 59.940 Hz 
00:00:52.876 [INFO] [backend/drm/drm.c:1670]   640x480 @ 59.929 Hz 
00:00:52.876 [INFO] [backend/drm/drm.c:1707] Physical size: 600x340
00:00:52.940 [INFO] [backend/drm/drm.c:1861] 'DP-2' connected
00:00:52.940 [INFO] [backend/drm/drm.c:1646] Detected modes:
00:00:52.940 [INFO] [backend/drm/drm.c:1670]   3840x2160 @ 30.000 Hz (preferred)
00:00:52.940 [INFO] [backend/drm/drm.c:1670]   3840x2160 @ 60.000 Hz 
00:00:52.940 [INFO] [backend/drm/drm.c:1670]   3840x2160 @ 59.940 Hz 
00:00:52.940 [INFO] [backend/drm/drm.c:1670]   3840x2160 @ 50.000 Hz 
00:00:52.940 [INFO] [backend/drm/drm.c:1670]   3840x2160 @ 25.000 Hz 
00:00:52.940 [INFO] [backend/drm/drm.c:1670]   2560x1440 @ 59.951 Hz 
00:00:52.940 [INFO] [backend/drm/drm.c:1670]   1920x1440 @ 75.000 Hz 
00:00:52.940 [INFO] [backend/drm/drm.c:1670]   2560x1080 @ 59.939 Hz 
00:00:52.940 [INFO] [backend/drm/drm.c:1670]   2560x1080 @ 50.001 Hz 
00:00:52.940 [INFO] [backend/drm/drm.c:1670]   1920x1200 @ 74.930 Hz 
00:00:52.940 [INFO] [backend/drm/drm.c:1670]   1920x1080 @ 74.906 Hz 
00:00:52.940 [INFO] [backend/drm/drm.c:1670]   1920x1080 @ 60.000 Hz 
00:00:52.940 [INFO] [backend/drm/drm.c:1670]   1920x1080 @ 59.939 Hz 
00:00:52.940 [INFO] [backend/drm/drm.c:1670]   1920x1080 @ 59.934 Hz 
00:00:52.940 [INFO] [backend/drm/drm.c:1670]   1920x1080 @ 50.000 Hz 
00:00:52.940 [INFO] [backend/drm/drm.c:1670]   1600x1200 @ 75.000 Hz 
00:00:52.941 [INFO] [backend/drm/drm.c:1670]   1680x1050 @ 74.892 Hz 
00:00:52.941 [INFO] [backend/drm/drm.c:1670]   1600x900 @ 60.000 Hz 
00:00:52.941 [INFO] [backend/drm/drm.c:1670]   1280x1024 @ 75.025 Hz 
00:00:52.941 [INFO] [backend/drm/drm.c:1670]   1280x1024 @ 60.020 Hz 
00:00:52.941 [INFO] [backend/drm/drm.c:1670]   1280x800 @ 74.934 Hz 
00:00:52.941 [INFO] [backend/drm/drm.c:1670]   1280x720 @ 60.000 Hz 
00:00:52.941 [INFO] [backend/drm/drm.c:1670]   1280x720 @ 59.943 Hz 
00:00:52.941 [INFO] [backend/drm/drm.c:1670]   1280x720 @ 50.000 Hz 
00:00:52.941 [INFO] [backend/drm/drm.c:1670]   1024x768 @ 75.029 Hz 
00:00:52.941 [INFO] [backend/drm/drm.c:1670]   1024x768 @ 70.069 Hz 
00:00:52.941 [INFO] [backend/drm/drm.c:1670]   1024x768 @ 60.004 Hz 
00:00:52.941 [INFO] [backend/drm/drm.c:1670]   800x600 @ 75.000 Hz 
00:00:52.941 [INFO] [backend/drm/drm.c:1670]   800x600 @ 72.188 Hz 
00:00:52.941 [INFO] [backend/drm/drm.c:1670]   800x600 @ 60.317 Hz 
00:00:52.941 [INFO] [backend/drm/drm.c:1670]   800x600 @ 56.250 Hz 
00:00:52.941 [INFO] [backend/drm/drm.c:1670]   720x576 @ 50.000 Hz 
00:00:52.941 [INFO] [backend/drm/drm.c:1670]   720x480 @ 59.940 Hz 
00:00:52.941 [INFO] [backend/drm/drm.c:1670]   640x480 @ 75.000 Hz 
00:00:52.941 [INFO] [backend/drm/drm.c:1670]   640x480 @ 72.809 Hz 
00:00:52.941 [INFO] [backend/drm/drm.c:1670]   640x480 @ 59.940 Hz 
00:00:52.941 [INFO] [backend/drm/drm.c:1670]   640x480 @ 59.929 Hz 
00:00:52.941 [INFO] [backend/drm/drm.c:1707] Physical size: 630x360
00:00:52.941 [INFO] [backend/drm/drm.c:1895] connector HDMI-A-1: Requesting modeset
00:00:52.942 [INFO] [../src/compositor/noctalia_compositor.c:466] output_layout: 'DP-1' not connected
00:00:52.942 [INFO] [../src/compositor/noctalia_compositor.c:466] output_layout: 'DP-2' not connected
00:00:52.942 [INFO] [../src/compositor/noctalia_compositor.c:659] selected output mode: 1920x1080 @ 60.000 Hz
00:00:52.944 [INFO] [backend/drm/drm.c:980] connector HDMI-A-1: Modesetting with 1920x1080 @ 60.000 Hz
00:00:52.945 [INFO] [../src/compositor/noctalia_compositor.c:670] output HDMI-A-1 scale=1.06
00:00:52.946 [INFO] [../src/compositor/noctalia_compositor.c:498] greeter output: HDMI-A-1 at (0,0) (configured HDMI-A-1:2820,0; effective 1814x1020)
00:00:52.946 [INFO] [../src/compositor/noctalia_compositor.c:740] warped cursor to center of HDMI-A-1 (907, 510)
00:00:52.946 [INFO] [backend/drm/drm.c:1895] connector DP-1: Requesting modeset
00:00:52.946 [INFO] [../src/compositor/noctalia_compositor.c:466] output_layout: 'DP-2' not connected
00:00:52.947 [INFO] [../src/compositor/noctalia_compositor.c:498] greeter output: HDMI-A-1 at (0,0) (configured HDMI-A-1:2820,0; effective 1814x1020)
00:00:52.947 [INFO] [../src/compositor/noctalia_compositor.c:659] selected output mode: 3840x2160 @ 160.001 Hz
00:00:52.948 [ERROR] [types/output/swapchain.c:109] Swapchain for output 'DP-1' failed test
00:00:52.948 [ERROR] [../src/compositor/noctalia_compositor.c:666] failed to enable output DP-1
00:00:52.948 [INFO] [../src/compositor/noctalia_compositor.c:659] selected output mode: 3840x2160 @ 160.001 Hz
00:00:52.949 [ERROR] [types/output/swapchain.c:109] Swapchain for output 'DP-1' failed test
00:00:52.949 [ERROR] [../src/compositor/noctalia_compositor.c:666] failed to enable output DP-1
00:00:52.949 [INFO] [../src/compositor/noctalia_compositor.c:740] warped cursor to center of HDMI-A-1 (907, 510)
00:00:52.949 [INFO] [backend/drm/drm.c:1895] connector DP-2: Requesting modeset
00:00:52.957 [INFO] [../src/compositor/noctalia_compositor.c:498] greeter output: HDMI-A-1 at (0,0) (configured HDMI-A-1:2820,0; effective 1814x1020)
00:00:52.957 [INFO] [../src/compositor/noctalia_compositor.c:659] selected output mode: 3840x2160 @ 160.001 Hz
00:00:52.957 [ERROR] [types/output/swapchain.c:109] Swapchain for output 'DP-1' failed test
00:00:52.957 [ERROR] [../src/compositor/noctalia_compositor.c:666] failed to enable output DP-1
00:00:52.957 [INFO] [../src/compositor/noctalia_compositor.c:659] selected output mode: 3840x2160 @ 60.000 Hz
00:00:52.977 [INFO] [backend/drm/drm.c:980] connector DP-2: Modesetting with 3840x2160 @ 60.000 Hz
00:00:53.141 [INFO] [../src/compositor/noctalia_compositor.c:670] output DP-2 scale=1.60
00:00:53.141 [INFO] [../src/compositor/noctalia_compositor.c:498] greeter output: DP-2 at (0,1020) (configured DP-2:2560,1080; effective 2399x1349)
00:00:53.141 [INFO] [../src/compositor/noctalia_compositor.c:659] selected output mode: 3840x2160 @ 160.001 Hz
00:00:53.142 [ERROR] [types/output/swapchain.c:109] Swapchain for output 'DP-1' failed test
00:00:53.142 [ERROR] [../src/compositor/noctalia_compositor.c:666] failed to enable output DP-1
00:00:53.142 [INFO] [../src/compositor/noctalia_compositor.c:740] warped cursor to center of DP-2 (1200, 1694)
00:01:01.409 [INFO] [libseat] [libseat/backend/logind.c:358] Disabling seat
00:01:01.409 [INFO] [backend/drm/backend.c:112] DRM FD paused
00:01:01.409 [INFO] [../src/compositor/noctalia_compositor.c:466] output_layout: 'HDMI-A-1' not connected
00:01:01.409 [INFO] [../src/compositor/noctalia_compositor.c:659] selected output mode: 3840x2160 @ 160.001 Hz
00:01:01.409 [ERROR] [types/output/swapchain.c:109] Swapchain for output 'DP-1' failed test
00:01:01.409 [ERROR] [../src/compositor/noctalia_compositor.c:666] failed to enable output DP-1
00:01:01.410 [INFO] [../src/compositor/noctalia_compositor.c:498] greeter output: DP-2 at (0,0) (configured DP-2:2560,1080; effective 2399x1349)
00:01:01.410 [INFO] [../src/compositor/noctalia_compositor.c:659] selected output mode: 3840x2160 @ 160.001 Hz
00:01:01.410 [ERROR] [types/output/swapchain.c:109] Swapchain for output 'DP-1' failed test
00:01:01.410 [ERROR] [../src/compositor/noctalia_compositor.c:666] failed to enable output DP-1
00:01:01.410 [INFO] [../src/compositor/noctalia_compositor.c:740] warped cursor to center of DP-2 (1200, 674)
00:01:01.411 [ERROR] [backend/drm/drm.c:1385] connector HDMI-A-1: Failed to disable CRTC 64
00:01:01.411 [INFO] [../src/compositor/noctalia_compositor.c:466] output_layout: 'DP-1' not connected
00:01:01.411 [INFO] [../src/compositor/noctalia_compositor.c:466] output_layout: 'HDMI-A-1' not connected
00:01:01.416 [INFO] [../src/compositor/noctalia_compositor.c:498] greeter output: DP-2 at (0,0) (configured DP-2:2560,1080; effective 2399x1349)
00:01:01.416 [INFO] [../src/compositor/noctalia_compositor.c:740] warped cursor to center of DP-2 (1200, 674)
00:01:01.416 [ERROR] [backend/drm/drm.c:1385] connector DP-1: Failed to disable CRTC 83
00:01:01.416 [INFO] [../src/compositor/noctalia_compositor.c:466] output_layout: 'DP-1' not connected
00:01:01.416 [INFO] [../src/compositor/noctalia_compositor.c:466] output_layout: 'DP-2' not connected
00:01:01.416 [INFO] [../src/compositor/noctalia_compositor.c:466] output_layout: 'HDMI-A-1' not connected
00:01:01.417 [ERROR] [backend/drm/drm.c:1385] connector DP-2: Failed to disable CRTC 102
